  Font.cpp
  Parser.cpp
  Texture.cpp
  Vector2D.cpp
  GameState.cpp
  GameStateMachine.cpp
  MainMenuState.cpp
  MenuState.cpp
  MusicOptionsMenuState.cpp
  OptionsMenuState.cpp
  GameObject.cpp
C:\Universidad\2º\PR2\Fae-Studios\PR2\Ott - An Elemental Journey\gameobjects\GameObject.cpp(7,35): warning C4244: '=': conversión de 'float' a 'uint'; posible pérdida de datos
C:\Universidad\2º\PR2\Fae-Studios\PR2\Ott - An Elemental Journey\gameobjects\GameObject.cpp(8,36): warning C4244: '=': conversión de 'float' a 'uint'; posible pérdida de datos
C:\Universidad\2º\PR2\Fae-Studios\PR2\Ott - An Elemental Journey\gameobjects\GameObject.cpp(13,31): warning C4244: '=': conversión de 'double' a 'int'; posible pérdida de datos
C:\Universidad\2º\PR2\Fae-Studios\PR2\Ott - An Elemental Journey\gameobjects\GameObject.cpp(13,61): warning C4244: '=': conversión de 'double' a 'int'; posible pérdida de datos
  FontLoader.cpp
C:\Universidad\2º\PR2\Fae-Studios\PR2\Ott - An Elemental Journey\loaders\FontLoader.cpp(7,57): warning C4244: 'argumento': conversión de 'const float' a 'int'; posible pérdida de datos
  TextureLoader.cpp
  main.cpp
  SDLApplication.cpp
  Button.cpp
C:\Universidad\2º\PR2\Fae-Studios\PR2\Ott - An Elemental Journey\ui\Button.cpp(46,40): warning C4244: '+=': conversión de 'double' a 'int'; posible pérdida de datos
C:\Universidad\2º\PR2\Fae-Studios\PR2\Ott - An Elemental Journey\ui\Button.cpp(63,38): warning C4244: '=': conversión de 'double' a 'int'; posible pérdida de datos
C:\Universidad\2º\PR2\Fae-Studios\PR2\Ott - An Elemental Journey\ui\Button.cpp(66,38): warning C4244: '=': conversión de 'double' a 'int'; posible pérdida de datos
C:\Universidad\2º\PR2\Fae-Studios\PR2\Ott - An Elemental Journey\ui\Button.cpp(69,38): warning C4244: '=': conversión de 'double' a 'int'; posible pérdida de datos
  Slider.cpp
C:\Universidad\2º\PR2\Fae-Studios\PR2\Ott - An Elemental Journey\ui\Slider.cpp(13,20): warning C4244: 'return': conversión de 'double' a 'int'; posible pérdida de datos
  Text.cpp
  UIElement.cpp
  Generando código...
C:\Universidad\2º\PR2\Fae-Studios\PR2\Ott - An Elemental Journey\ui\Slider.cpp(15): warning C4715: 'Slider::SliderNeedle::move': no todas las rutas de acceso de control devuelven un valor
C:\Universidad\2º\PR2\Fae-Studios\PR2\Ott - An Elemental Journey\SDLApplication.cpp(179): warning C4715: 'SDLApplication::getVolume': no todas las rutas de acceso de control devuelven un valor
  Ott - An Elemental Journey.vcxproj -> C:\Universidad\2º\PR2\Fae-Studios\PR2\x64\Debug\Ott - An Elemental Journey.exe
